2023-07-03 16:41:20 [scrapy.utils.log] INFO: Scrapy 2.4.1 started (bot: BiliBili_Project)
2023-07-03 16:41:20 [scrapy.utils.log] INFO: Versions: lxml 4.6.1.0, libxml2 2.9.10, cssselect 1.1.0, parsel 1.5.2, w3lib 1.21.0, Twisted 21.2.0, Python 3.8.5 (default, Sep  4 2020, 02:22:02) - [Clang 10.0.0 ], pyOpenSSL 19.1.0 (OpenSSL 1.1.1h  22 Sep 2020), cryptography 3.1.1, Platform macOS-10.16-x86_64-i386-64bit
2023-07-03 16:41:20 [scrapy.utils.log] DEBUG: Using reactor: twisted.internet.selectreactor.SelectReactor
2023-07-03 16:41:20 [scrapy.crawler] INFO: Overridden settings:
{'BOT_NAME': 'BiliBili_Project',
 'LOG_FILE': 'debug.log',
 'NEWSPIDER_MODULE': 'BiliBili_Project.spiders',
 'ROBOTSTXT_OBEY': True,
 'SPIDER_MODULES': ['BiliBili_Project.spiders']}
2023-07-03 16:41:20 [scrapy.extensions.telnet] INFO: Telnet Password: b598f2310f27466f
2023-07-03 16:41:20 [scrapy.middleware] INFO: Enabled extensions:
['scrapy.extensions.corestats.CoreStats',
 'scrapy.extensions.telnet.TelnetConsole',
 'scrapy.extensions.memusage.MemoryUsage',
 'scrapy.extensions.logstats.LogStats']
2023-07-03 16:41:20 [scrapy.middleware] INFO: Enabled downloader middlewares:
['scrapy.downloadermiddlewares.robotstxt.RobotsTxtMiddleware',
 'scrapy.downloadermiddlewares.httpauth.HttpAuthMiddleware',
 'scrapy.downloadermiddlewares.downloadtimeout.DownloadTimeoutMiddleware',
 'scrapy.downloadermiddlewares.defaultheaders.DefaultHeadersMiddleware',
 'BiliBili_Project.rotate_useragent.RotateUserAgentMiddleware',
 'scrapy.downloadermiddlewares.useragent.UserAgentMiddleware',
 'scrapy.downloadermiddlewares.retry.RetryMiddleware',
 'scrapy.downloadermiddlewares.redirect.MetaRefreshMiddleware',
 'scrapy.downloadermiddlewares.httpcompression.HttpCompressionMiddleware',
 'scrapy.downloadermiddlewares.redirect.RedirectMiddleware',
 'scrapy.downloadermiddlewares.cookies.CookiesMiddleware',
 'scrapy.downloadermiddlewares.httpproxy.HttpProxyMiddleware',
 'scrapy.downloadermiddlewares.stats.DownloaderStats']
2023-07-03 16:41:20 [scrapy.middleware] INFO: Enabled spider middlewares:
['scrapy.spidermiddlewares.httperror.HttpErrorMiddleware',
 'scrapy.spidermiddlewares.offsite.OffsiteMiddleware',
 'scrapy.spidermiddlewares.referer.RefererMiddleware',
 'scrapy.spidermiddlewares.urllength.UrlLengthMiddleware',
 'scrapy.spidermiddlewares.depth.DepthMiddleware']
2023-07-03 16:41:20 [scrapy.middleware] INFO: Enabled item pipelines:
['BiliBili_Project.pipelines.BilibiliProjectPipeline']
2023-07-03 16:41:20 [scrapy.core.engine] INFO: Spider opened
2023-07-03 16:41:20 [scrapy.extensions.logstats] INFO: Crawled 0 pages (at 0 pages/min), scraped 0 items (at 0 items/min)
2023-07-03 16:41:20 [scrapy.extensions.telnet] INFO: Telnet console listening on 127.0.0.1:6023
2023-07-03 16:41:20 [scrapy.utils.log] INFO: Scrapy 2.4.1 started (bot: BiliBili_Project)
2023-07-03 16:41:20 [scrapy.utils.log] INFO: Versions: lxml 4.6.1.0, libxml2 2.9.10, cssselect 1.1.0, parsel 1.5.2, w3lib 1.21.0, Twisted 21.2.0, Python 3.8.5 (default, Sep  4 2020, 02:22:02) - [Clang 10.0.0 ], pyOpenSSL 19.1.0 (OpenSSL 1.1.1h  22 Sep 2020), cryptography 3.1.1, Platform macOS-10.16-x86_64-i386-64bit
2023-07-03 16:41:20 [scrapy.utils.log] DEBUG: Using reactor: twisted.internet.selectreactor.SelectReactor
2023-07-03 16:41:20 [scrapy.crawler] INFO: Overridden settings:
{'BOT_NAME': 'BiliBili_Project',
 'LOG_FILE': 'debug.log',
 'NEWSPIDER_MODULE': 'BiliBili_Project.spiders',
 'ROBOTSTXT_OBEY': True,
 'SPIDER_MODULES': ['BiliBili_Project.spiders']}
2023-07-03 16:41:20 [scrapy.extensions.telnet] INFO: Telnet Password: a6ec2768e1784e0b
2023-07-03 16:41:20 [scrapy.middleware] INFO: Enabled extensions:
['scrapy.extensions.corestats.CoreStats',
 'scrapy.extensions.telnet.TelnetConsole',
 'scrapy.extensions.memusage.MemoryUsage',
 'scrapy.extensions.logstats.LogStats']
2023-07-03 16:41:20 [scrapy.middleware] INFO: Enabled downloader middlewares:
['scrapy.downloadermiddlewares.robotstxt.RobotsTxtMiddleware',
 'scrapy.downloadermiddlewares.httpauth.HttpAuthMiddleware',
 'scrapy.downloadermiddlewares.downloadtimeout.DownloadTimeoutMiddleware',
 'scrapy.downloadermiddlewares.defaultheaders.DefaultHeadersMiddleware',
 'BiliBili_Project.rotate_useragent.RotateUserAgentMiddleware',
 'scrapy.downloadermiddlewares.useragent.UserAgentMiddleware',
 'scrapy.downloadermiddlewares.retry.RetryMiddleware',
 'scrapy.downloadermiddlewares.redirect.MetaRefreshMiddleware',
 'scrapy.downloadermiddlewares.httpcompression.HttpCompressionMiddleware',
 'scrapy.downloadermiddlewares.redirect.RedirectMiddleware',
 'scrapy.downloadermiddlewares.cookies.CookiesMiddleware',
 'scrapy.downloadermiddlewares.httpproxy.HttpProxyMiddleware',
 'scrapy.downloadermiddlewares.stats.DownloaderStats']
2023-07-03 16:41:20 [scrapy.middleware] INFO: Enabled spider middlewares:
['scrapy.spidermiddlewares.httperror.HttpErrorMiddleware',
 'scrapy.spidermiddlewares.offsite.OffsiteMiddleware',
 'scrapy.spidermiddlewares.referer.RefererMiddleware',
 'scrapy.spidermiddlewares.urllength.UrlLengthMiddleware',
 'scrapy.spidermiddlewares.depth.DepthMiddleware']
2023-07-03 16:41:20 [scrapy.middleware] INFO: Enabled item pipelines:
['BiliBili_Project.pipelines.BilibiliProjectPipeline']
2023-07-03 16:41:20 [scrapy.core.engine] INFO: Spider opened
2023-07-03 16:41:20 [scrapy.extensions.logstats] INFO: Crawled 0 pages (at 0 pages/min), scraped 0 items (at 0 items/min)
2023-07-03 16:41:20 [scrapy.extensions.telnet] INFO: Telnet console listening on 127.0.0.1:6024
2023-07-03 16:41:21 [scrapy.utils.log] INFO: Scrapy 2.4.1 started (bot: BiliBili_Project)
2023-07-03 16:41:21 [scrapy.utils.log] INFO: Versions: lxml 4.6.1.0, libxml2 2.9.10, cssselect 1.1.0, parsel 1.5.2, w3lib 1.21.0, Twisted 21.2.0, Python 3.8.5 (default, Sep  4 2020, 02:22:02) - [Clang 10.0.0 ], pyOpenSSL 19.1.0 (OpenSSL 1.1.1h  22 Sep 2020), cryptography 3.1.1, Platform macOS-10.16-x86_64-i386-64bit
2023-07-03 16:41:21 [scrapy.utils.log] DEBUG: Using reactor: twisted.internet.selectreactor.SelectReactor
2023-07-03 16:41:21 [scrapy.crawler] INFO: Overridden settings:
{'BOT_NAME': 'BiliBili_Project',
 'LOG_FILE': 'debug.log',
 'NEWSPIDER_MODULE': 'BiliBili_Project.spiders',
 'ROBOTSTXT_OBEY': True,
 'SPIDER_MODULES': ['BiliBili_Project.spiders']}
2023-07-03 16:41:21 [scrapy.extensions.telnet] INFO: Telnet Password: c68d56cb0d5ab3db
2023-07-03 16:41:21 [scrapy.middleware] INFO: Enabled extensions:
['scrapy.extensions.corestats.CoreStats',
 'scrapy.extensions.telnet.TelnetConsole',
 'scrapy.extensions.memusage.MemoryUsage',
 'scrapy.extensions.logstats.LogStats']
2023-07-03 16:41:21 [scrapy.middleware] INFO: Enabled downloader middlewares:
['scrapy.downloadermiddlewares.robotstxt.RobotsTxtMiddleware',
 'scrapy.downloadermiddlewares.httpauth.HttpAuthMiddleware',
 'scrapy.downloadermiddlewares.downloadtimeout.DownloadTimeoutMiddleware',
 'scrapy.downloadermiddlewares.defaultheaders.DefaultHeadersMiddleware',
 'BiliBili_Project.rotate_useragent.RotateUserAgentMiddleware',
 'scrapy.downloadermiddlewares.useragent.UserAgentMiddleware',
 'scrapy.downloadermiddlewares.retry.RetryMiddleware',
 'scrapy.downloadermiddlewares.redirect.MetaRefreshMiddleware',
 'scrapy.downloadermiddlewares.httpcompression.HttpCompressionMiddleware',
 'scrapy.downloadermiddlewares.redirect.RedirectMiddleware',
 'scrapy.downloadermiddlewares.cookies.CookiesMiddleware',
 'scrapy.downloadermiddlewares.httpproxy.HttpProxyMiddleware',
 'scrapy.downloadermiddlewares.stats.DownloaderStats']
2023-07-03 16:41:21 [scrapy.middleware] INFO: Enabled spider middlewares:
['scrapy.spidermiddlewares.httperror.HttpErrorMiddleware',
 'scrapy.spidermiddlewares.offsite.OffsiteMiddleware',
 'scrapy.spidermiddlewares.referer.RefererMiddleware',
 'scrapy.spidermiddlewares.urllength.UrlLengthMiddleware',
 'scrapy.spidermiddlewares.depth.DepthMiddleware']
2023-07-03 16:41:21 [scrapy.middleware] INFO: Enabled item pipelines:
['BiliBili_Project.pipelines.BilibiliProjectPipeline']
2023-07-03 16:41:21 [scrapy.core.engine] INFO: Spider opened
2023-07-03 16:41:21 [scrapy.extensions.logstats] INFO: Crawled 0 pages (at 0 pages/min), scraped 0 items (at 0 items/min)
2023-07-03 16:41:21 [scrapy.extensions.telnet] INFO: Telnet console listening on 127.0.0.1:6025
2023-07-03 16:41:21 [scrapy.utils.log] INFO: Scrapy 2.4.1 started (bot: BiliBili_Project)
2023-07-03 16:41:21 [scrapy.utils.log] INFO: Versions: lxml 4.6.1.0, libxml2 2.9.10, cssselect 1.1.0, parsel 1.5.2, w3lib 1.21.0, Twisted 21.2.0, Python 3.8.5 (default, Sep  4 2020, 02:22:02) - [Clang 10.0.0 ], pyOpenSSL 19.1.0 (OpenSSL 1.1.1h  22 Sep 2020), cryptography 3.1.1, Platform macOS-10.16-x86_64-i386-64bit
2023-07-03 16:41:21 [scrapy.utils.log] DEBUG: Using reactor: twisted.internet.selectreactor.SelectReactor
2023-07-03 16:41:21 [scrapy.crawler] INFO: Overridden settings:
{'BOT_NAME': 'BiliBili_Project',
 'LOG_FILE': 'debug.log',
 'NEWSPIDER_MODULE': 'BiliBili_Project.spiders',
 'ROBOTSTXT_OBEY': True,
 'SPIDER_MODULES': ['BiliBili_Project.spiders']}
2023-07-03 16:41:21 [scrapy.extensions.telnet] INFO: Telnet Password: 147ccd17edd4073c
2023-07-03 16:41:21 [scrapy.middleware] INFO: Enabled extensions:
['scrapy.extensions.corestats.CoreStats',
 'scrapy.extensions.telnet.TelnetConsole',
 'scrapy.extensions.memusage.MemoryUsage',
 'scrapy.extensions.logstats.LogStats']
2023-07-03 16:41:21 [scrapy.middleware] INFO: Enabled downloader middlewares:
['scrapy.downloadermiddlewares.robotstxt.RobotsTxtMiddleware',
 'scrapy.downloadermiddlewares.httpauth.HttpAuthMiddleware',
 'scrapy.downloadermiddlewares.downloadtimeout.DownloadTimeoutMiddleware',
 'scrapy.downloadermiddlewares.defaultheaders.DefaultHeadersMiddleware',
 'BiliBili_Project.rotate_useragent.RotateUserAgentMiddleware',
 'scrapy.downloadermiddlewares.useragent.UserAgentMiddleware',
 'scrapy.downloadermiddlewares.retry.RetryMiddleware',
 'scrapy.downloadermiddlewares.redirect.MetaRefreshMiddleware',
 'scrapy.downloadermiddlewares.httpcompression.HttpCompressionMiddleware',
 'scrapy.downloadermiddlewares.redirect.RedirectMiddleware',
 'scrapy.downloadermiddlewares.cookies.CookiesMiddleware',
 'scrapy.downloadermiddlewares.httpproxy.HttpProxyMiddleware',
 'scrapy.downloadermiddlewares.stats.DownloaderStats']
2023-07-03 16:41:21 [scrapy.middleware] INFO: Enabled spider middlewares:
['scrapy.spidermiddlewares.httperror.HttpErrorMiddleware',
 'scrapy.spidermiddlewares.offsite.OffsiteMiddleware',
 'scrapy.spidermiddlewares.referer.RefererMiddleware',
 'scrapy.spidermiddlewares.urllength.UrlLengthMiddleware',
 'scrapy.spidermiddlewares.depth.DepthMiddleware']
2023-07-03 16:41:21 [scrapy.middleware] INFO: Enabled item pipelines:
['BiliBili_Project.pipelines.BilibiliProjectPipeline']
2023-07-03 16:41:21 [scrapy.core.engine] INFO: Spider opened
2023-07-03 16:41:21 [scrapy.extensions.logstats] INFO: Crawled 0 pages (at 0 pages/min), scraped 0 items (at 0 items/min)
2023-07-03 16:41:21 [scrapy.extensions.telnet] INFO: Telnet console listening on 127.0.0.1:6026
2023-07-03 16:41:21 [scrapy.utils.log] INFO: Scrapy 2.4.1 started (bot: BiliBili_Project)
2023-07-03 16:41:21 [scrapy.utils.log] INFO: Versions: lxml 4.6.1.0, libxml2 2.9.10, cssselect 1.1.0, parsel 1.5.2, w3lib 1.21.0, Twisted 21.2.0, Python 3.8.5 (default, Sep  4 2020, 02:22:02) - [Clang 10.0.0 ], pyOpenSSL 19.1.0 (OpenSSL 1.1.1h  22 Sep 2020), cryptography 3.1.1, Platform macOS-10.16-x86_64-i386-64bit
2023-07-03 16:41:21 [scrapy.utils.log] DEBUG: Using reactor: twisted.internet.selectreactor.SelectReactor
2023-07-03 16:41:21 [scrapy.crawler] INFO: Overridden settings:
{'BOT_NAME': 'BiliBili_Project',
 'LOG_FILE': 'debug.log',
 'NEWSPIDER_MODULE': 'BiliBili_Project.spiders',
 'ROBOTSTXT_OBEY': True,
 'SPIDER_MODULES': ['BiliBili_Project.spiders']}
2023-07-03 16:41:21 [scrapy.extensions.telnet] INFO: Telnet Password: db8bf62541d7d671
2023-07-03 16:41:21 [scrapy.middleware] INFO: Enabled extensions:
['scrapy.extensions.corestats.CoreStats',
 'scrapy.extensions.telnet.TelnetConsole',
 'scrapy.extensions.memusage.MemoryUsage',
 'scrapy.extensions.logstats.LogStats']
2023-07-03 16:41:21 [scrapy.middleware] INFO: Enabled downloader middlewares:
['scrapy.downloadermiddlewares.robotstxt.RobotsTxtMiddleware',
 'scrapy.downloadermiddlewares.httpauth.HttpAuthMiddleware',
 'scrapy.downloadermiddlewares.downloadtimeout.DownloadTimeoutMiddleware',
 'scrapy.downloadermiddlewares.defaultheaders.DefaultHeadersMiddleware',
 'BiliBili_Project.rotate_useragent.RotateUserAgentMiddleware',
 'scrapy.downloadermiddlewares.useragent.UserAgentMiddleware',
 'scrapy.downloadermiddlewares.retry.RetryMiddleware',
 'scrapy.downloadermiddlewares.redirect.MetaRefreshMiddleware',
 'scrapy.downloadermiddlewares.httpcompression.HttpCompressionMiddleware',
 'scrapy.downloadermiddlewares.redirect.RedirectMiddleware',
 'scrapy.downloadermiddlewares.cookies.CookiesMiddleware',
 'scrapy.downloadermiddlewares.httpproxy.HttpProxyMiddleware',
 'scrapy.downloadermiddlewares.stats.DownloaderStats']
2023-07-03 16:41:21 [scrapy.middleware] INFO: Enabled spider middlewares:
['scrapy.spidermiddlewares.httperror.HttpErrorMiddleware',
 'scrapy.spidermiddlewares.offsite.OffsiteMiddleware',
 'scrapy.spidermiddlewares.referer.RefererMiddleware',
 'scrapy.spidermiddlewares.urllength.UrlLengthMiddleware',
 'scrapy.spidermiddlewares.depth.DepthMiddleware']
2023-07-03 16:41:21 [scrapy.middleware] INFO: Enabled item pipelines:
['BiliBili_Project.pipelines.BilibiliProjectPipeline']
2023-07-03 16:41:21 [scrapy.core.engine] INFO: Spider opened
2023-07-03 16:41:21 [scrapy.extensions.logstats] INFO: Crawled 0 pages (at 0 pages/min), scraped 0 items (at 0 items/min)
2023-07-03 16:41:21 [scrapy.extensions.telnet] INFO: Telnet console listening on 127.0.0.1:6027
2023-07-03 16:41:39 [scrapy.utils.log] INFO: Scrapy 2.4.1 started (bot: BiliBili_Project)
2023-07-03 16:41:39 [scrapy.utils.log] INFO: Versions: lxml 4.6.1.0, libxml2 2.9.10, cssselect 1.1.0, parsel 1.5.2, w3lib 1.21.0, Twisted 21.2.0, Python 3.8.5 (default, Sep  4 2020, 02:22:02) - [Clang 10.0.0 ], pyOpenSSL 19.1.0 (OpenSSL 1.1.1h  22 Sep 2020), cryptography 3.1.1, Platform macOS-10.16-x86_64-i386-64bit
2023-07-03 16:41:39 [scrapy.utils.log] DEBUG: Using reactor: twisted.internet.selectreactor.SelectReactor
2023-07-03 16:41:39 [scrapy.crawler] INFO: Overridden settings:
{'BOT_NAME': 'BiliBili_Project',
 'LOG_FILE': 'debug.log',
 'NEWSPIDER_MODULE': 'BiliBili_Project.spiders',
 'ROBOTSTXT_OBEY': True,
 'SPIDER_MODULES': ['BiliBili_Project.spiders']}
2023-07-03 16:41:39 [scrapy.extensions.telnet] INFO: Telnet Password: dfe04bb8748c65bb
2023-07-03 16:41:39 [scrapy.middleware] INFO: Enabled extensions:
['scrapy.extensions.corestats.CoreStats',
 'scrapy.extensions.telnet.TelnetConsole',
 'scrapy.extensions.memusage.MemoryUsage',
 'scrapy.extensions.logstats.LogStats']
2023-07-03 16:41:39 [scrapy.middleware] INFO: Enabled downloader middlewares:
['scrapy.downloadermiddlewares.robotstxt.RobotsTxtMiddleware',
 'scrapy.downloadermiddlewares.httpauth.HttpAuthMiddleware',
 'scrapy.downloadermiddlewares.downloadtimeout.DownloadTimeoutMiddleware',
 'scrapy.downloadermiddlewares.defaultheaders.DefaultHeadersMiddleware',
 'BiliBili_Project.rotate_useragent.RotateUserAgentMiddleware',
 'scrapy.downloadermiddlewares.useragent.UserAgentMiddleware',
 'scrapy.downloadermiddlewares.retry.RetryMiddleware',
 'scrapy.downloadermiddlewares.redirect.MetaRefreshMiddleware',
 'scrapy.downloadermiddlewares.httpcompression.HttpCompressionMiddleware',
 'scrapy.downloadermiddlewares.redirect.RedirectMiddleware',
 'scrapy.downloadermiddlewares.cookies.CookiesMiddleware',
 'scrapy.downloadermiddlewares.httpproxy.HttpProxyMiddleware',
 'scrapy.downloadermiddlewares.stats.DownloaderStats']
2023-07-03 16:41:39 [scrapy.middleware] INFO: Enabled spider middlewares:
['scrapy.spidermiddlewares.httperror.HttpErrorMiddleware',
 'scrapy.spidermiddlewares.offsite.OffsiteMiddleware',
 'scrapy.spidermiddlewares.referer.RefererMiddleware',
 'scrapy.spidermiddlewares.urllength.UrlLengthMiddleware',
 'scrapy.spidermiddlewares.depth.DepthMiddleware']
2023-07-03 16:41:39 [scrapy.middleware] INFO: Enabled item pipelines:
['BiliBili_Project.pipelines.BilibiliProjectPipeline']
2023-07-03 16:41:39 [scrapy.core.engine] INFO: Spider opened
2023-07-03 16:41:39 [scrapy.extensions.logstats] INFO: Crawled 0 pages (at 0 pages/min), scraped 0 items (at 0 items/min)
2023-07-03 16:41:39 [py.warnings] WARNING: /Applications/python/Anacond/anaconda3/lib/python3.8/site-packages/scrapy/spidermiddlewares/offsite.py:65: URLWarning: allowed_domains accepts only domains, not URLs. Ignoring URL entry https://www.bilibili.com/ in allowed_domains.
  warnings.warn(message, URLWarning)

2023-07-03 16:41:39 [scrapy.extensions.telnet] INFO: Telnet console listening on 127.0.0.1:6023
2023-07-03 16:41:39 [scrapy.core.engine] DEBUG: Crawled (200) <GET https://www.bilibili.com/robots.txt> (referer: None)
2023-07-03 16:41:39 [scrapy.downloadermiddlewares.robotstxt] DEBUG: Forbidden by robots.txt: <GET https://www.bilibili.com/v/popular/rank/bangumi/>
2023-07-03 16:41:39 [scrapy.core.engine] INFO: Closing spider (finished)
2023-07-03 16:41:39 [scrapy.statscollectors] INFO: Dumping Scrapy stats:
{'downloader/exception_count': 1,
 'downloader/exception_type_count/scrapy.exceptions.IgnoreRequest': 1,
 'downloader/request_bytes': 294,
 'downloader/request_count': 1,
 'downloader/request_method_count/GET': 1,
 'downloader/response_bytes': 519,
 'downloader/response_count': 1,
 'downloader/response_status_count/200': 1,
 'elapsed_time_seconds': 0.29168,
 'finish_reason': 'finished',
 'finish_time': datetime.datetime(2023, 7, 3, 8, 41, 39, 724689),
 'log_count/DEBUG': 2,
 'log_count/INFO': 10,
 'log_count/WARNING': 1,
 'memusage/max': 149176320,
 'memusage/startup': 149172224,
 'response_received_count': 1,
 'robotstxt/forbidden': 1,
 'robotstxt/request_count': 1,
 'robotstxt/response_count': 1,
 'robotstxt/response_status_count/200': 1,
 'scheduler/dequeued': 1,
 'scheduler/dequeued/memory': 1,
 'scheduler/enqueued': 1,
 'scheduler/enqueued/memory': 1,
 'start_time': datetime.datetime(2023, 7, 3, 8, 41, 39, 433009)}
2023-07-03 16:41:39 [scrapy.core.engine] INFO: Spider closed (finished)
2023-07-03 16:43:11 [scrapy.utils.log] INFO: Scrapy 2.4.1 started (bot: BiliBili_Project)
2023-07-03 16:43:11 [scrapy.utils.log] INFO: Versions: lxml 4.6.1.0, libxml2 2.9.10, cssselect 1.1.0, parsel 1.5.2, w3lib 1.21.0, Twisted 21.2.0, Python 3.8.5 (default, Sep  4 2020, 02:22:02) - [Clang 10.0.0 ], pyOpenSSL 19.1.0 (OpenSSL 1.1.1h  22 Sep 2020), cryptography 3.1.1, Platform macOS-10.16-x86_64-i386-64bit
2023-07-03 16:43:11 [scrapy.utils.log] DEBUG: Using reactor: twisted.internet.selectreactor.SelectReactor
2023-07-03 16:43:11 [scrapy.crawler] INFO: Overridden settings:
{'BOT_NAME': 'BiliBili_Project',
 'LOG_FILE': 'debug.log',
 'NEWSPIDER_MODULE': 'BiliBili_Project.spiders',
 'ROBOTSTXT_OBEY': True,
 'SPIDER_MODULES': ['BiliBili_Project.spiders']}
2023-07-03 16:43:11 [scrapy.extensions.telnet] INFO: Telnet Password: c80c2a9fe85cd6ed
2023-07-03 16:43:11 [scrapy.middleware] INFO: Enabled extensions:
['scrapy.extensions.corestats.CoreStats',
 'scrapy.extensions.telnet.TelnetConsole',
 'scrapy.extensions.memusage.MemoryUsage',
 'scrapy.extensions.logstats.LogStats']
2023-07-03 16:43:11 [scrapy.middleware] INFO: Enabled downloader middlewares:
['scrapy.downloadermiddlewares.robotstxt.RobotsTxtMiddleware',
 'scrapy.downloadermiddlewares.httpauth.HttpAuthMiddleware',
 'scrapy.downloadermiddlewares.downloadtimeout.DownloadTimeoutMiddleware',
 'scrapy.downloadermiddlewares.defaultheaders.DefaultHeadersMiddleware',
 'BiliBili_Project.rotate_useragent.RotateUserAgentMiddleware',
 'scrapy.downloadermiddlewares.useragent.UserAgentMiddleware',
 'scrapy.downloadermiddlewares.retry.RetryMiddleware',
 'scrapy.downloadermiddlewares.redirect.MetaRefreshMiddleware',
 'scrapy.downloadermiddlewares.httpcompression.HttpCompressionMiddleware',
 'scrapy.downloadermiddlewares.redirect.RedirectMiddleware',
 'scrapy.downloadermiddlewares.cookies.CookiesMiddleware',
 'scrapy.downloadermiddlewares.httpproxy.HttpProxyMiddleware',
 'scrapy.downloadermiddlewares.stats.DownloaderStats']
2023-07-03 16:43:11 [scrapy.middleware] INFO: Enabled spider middlewares:
['scrapy.spidermiddlewares.httperror.HttpErrorMiddleware',
 'scrapy.spidermiddlewares.offsite.OffsiteMiddleware',
 'scrapy.spidermiddlewares.referer.RefererMiddleware',
 'scrapy.spidermiddlewares.urllength.UrlLengthMiddleware',
 'scrapy.spidermiddlewares.depth.DepthMiddleware']
2023-07-03 16:43:11 [scrapy.middleware] INFO: Enabled item pipelines:
['BiliBili_Project.pipelines.BilibiliProjectPipeline']
2023-07-03 16:43:11 [scrapy.core.engine] INFO: Spider opened
2023-07-03 16:43:11 [scrapy.extensions.logstats] INFO: Crawled 0 pages (at 0 pages/min), scraped 0 items (at 0 items/min)
2023-07-03 16:43:11 [scrapy.extensions.telnet] INFO: Telnet console listening on 127.0.0.1:6023
2023-07-03 16:49:54 [py.warnings] WARNING: /Applications/python/Anacond/anaconda3/lib/python3.8/site-packages/scrapy/spidermiddlewares/offsite.py:65: URLWarning: allowed_domains accepts only domains, not URLs. Ignoring URL entry https://www.bilibili.com/ in allowed_domains.
  warnings.warn(message, URLWarning)

